<?xml version="1.0" encoding="UTF-8"?>
<!-- Generated by org.testng.reporters.JUnitXMLReporter -->
<testsuite ignored="0" hostname="DESKTOP-3O467S2" failures="0" tests="4" name="Default test" time="51.194" errors="0" timestamp="01 Mar 2022 21:37:12 GMT">
  <testcase classname="com.hrm.qa.testcasses.NewCandidatePageTest" name="verifyNewCandidatePageLabel" time="0.026"/>
  <testcase classname="com.hrm.qa.testcasses.NewCandidatePageTest" name="CreateNewCandidate" time="0.532"/>
  <testcase classname="com.hrm.qa.testcasses.NewCandidatePageTest" name="CreateNewCandidate" time="0.486"/>
  <testcase classname="com.hrm.qa.testcasses.NewCandidatePageTest" name="CreateNewCandidate" time="0.548"/>
</testsuite> <!-- Default test -->
